15:17:30 freenode http://www.freenode.net
15:17:30 freenode http://www.fosscon.org
15:17:30 freenode https://www.privateinternetaccess.com/
15:17:36 #Node.js https://git.io/vaTS2
15:17:36 #Node.js http://bit.ly/node-irc-mission-statement
15:17:36 #Node.js http://nodeirc.info
15:17:36 #Node.js http://logs.nodejs.org/node.js/index
15:17:36 #Node.js http://j.mp/1RFlyvr
15:17:36 #Node.js http://blog.izs.me/post/30036893703/policy-on-trolling"
15:17:36 #algorithms http://codepad.org/
15:17:36 #algorithms http://mathb.in/
15:17:36 #algorithms http://ostatic.com/blog/more-bad-english-please"
15:17:36 #weechat https://weechat.org/
15:17:37 #Node.js https://github.com/joyent/node/wiki
15:17:37 #Node.js http://nodejs.org/
15:17:37 #weechat https://weechat.org/doc/
15:17:37 #weechat https://weechat.org/
15:18:39 freenode http://nordu.net/
15:18:39 freenode http://www.freenode.net
15:18:39 freenode http://www.fosscon.org
15:18:39 freenode https://www.privateinternetaccess.com/
15:18:46 ##linux http://linux.chat
15:18:46 ##linux http://paste.linux.chat
15:18:46 ##linux http://www.linux.chat/how-to-connect/
15:18:46 ##linux http://www.linux.chat/channel-rules/
15:18:46 ##linux http://linux.chat
15:19:17 freenode http://www.hyperfilter.com/
15:19:17 freenode http://www.freenode.net
15:19:17 freenode http://www.fosscon.org
15:19:17 freenode https://www.privateinternetaccess.com/
15:19:23 #Node.js https://git.io/vaTS2
15:19:23 #Node.js http://bit.ly/node-irc-mission-statement
15:19:23 #Node.js http://nodeirc.info
15:19:23 #Node.js http://logs.nodejs.org/node.js/index
15:19:23 #Node.js http://j.mp/1RFlyvr
15:19:23 #Node.js http://blog.izs.me/post/30036893703/policy-on-trolling"
15:19:23 #algorithms http://codepad.org/
15:19:23 #algorithms http://mathb.in/
15:19:23 #algorithms http://ostatic.com/blog/more-bad-english-please"
15:19:23 #weechat https://weechat.org/
15:19:24 ##linux http://linux.chat
15:19:24 ##linux http://paste.linux.chat
15:19:24 #Node.js https://github.com/joyent/node/wiki
15:19:24 #Node.js http://nodejs.org/
15:19:24 #weechat https://weechat.org/doc/
15:19:24 #weechat https://weechat.org/
15:19:24 ##linux http://www.linux.chat/how-to-connect/
15:19:24 ##linux http://www.linux.chat/channel-rules/
15:19:24 ##linux http://linux.chat
15:22:08 freenode http://nordu.net/
15:22:08 freenode http://www.freenode.net
15:22:08 freenode http://www.fosscon.org
15:22:08 freenode https://www.privateinternetaccess.com/
15:22:14 #Node.js https://git.io/vaTS2
15:22:14 #Node.js http://bit.ly/node-irc-mission-statement
15:22:14 #Node.js http://nodeirc.info
15:22:14 #Node.js http://logs.nodejs.org/node.js/index
15:22:14 #Node.js http://j.mp/1RFlyvr
15:22:14 #Node.js http://blog.izs.me/post/30036893703/policy-on-trolling"
15:22:14 #algorithms http://codepad.org/
15:22:14 #algorithms http://mathb.in/
15:22:14 #algorithms http://ostatic.com/blog/more-bad-english-please"
15:22:14 #weechat https://weechat.org/
15:22:14 ##linux http://linux.chat
15:22:14 ##linux http://paste.linux.chat
15:22:14 #Node.js https://github.com/joyent/node/wiki
15:22:14 #Node.js http://nodejs.org/
15:22:14 #weechat https://weechat.org/doc/
15:22:14 #weechat https://weechat.org/
15:22:14 ##linux http://www.linux.chat/how-to-connect/
15:22:14 ##linux http://www.linux.chat/channel-rules/
15:22:14 ##linux http://linux.chat
15:24:49 freenode http://www.freenode.net
15:24:49 freenode http://www.fosscon.org
15:24:49 freenode https://www.privateinternetaccess.com/
15:24:55 #Node.js https://git.io/vaTS2
15:24:55 #Node.js http://bit.ly/node-irc-mission-statement
15:24:55 #Node.js http://nodeirc.info
15:24:55 #Node.js http://logs.nodejs.org/node.js/index
15:24:55 #Node.js http://j.mp/1RFlyvr
15:24:55 #Node.js http://blog.izs.me/post/30036893703/policy-on-trolling"
15:24:55 #algorithms http://codepad.org/
15:24:55 #algorithms http://mathb.in/
15:24:55 #algorithms http://ostatic.com/blog/more-bad-english-please"
15:24:55 #weechat https://weechat.org/
15:24:55 ##linux http://linux.chat
15:24:55 ##linux http://paste.linux.chat
15:24:55 #Node.js https://github.com/joyent/node/wiki
15:24:55 #Node.js http://nodejs.org/
15:24:55 #weechat https://weechat.org/doc/
15:24:55 #weechat https://weechat.org/
15:24:55 ##linux http://www.linux.chat/how-to-connect/
15:24:55 ##linux http://www.linux.chat/channel-rules/
15:24:55 ##linux http://linux.chat
15:31:31 #algorithms http://picpaste.com/times_executed.png
15:32:12 #Node.js https://github.com/petkaantonov/bluebird/blob/master/docs/docs/working-with-callbacks.md
15:34:37 freenode http://www.hyperfilter.com/
15:34:37 freenode http://www.freenode.net
15:34:37 freenode http://www.fosscon.org
15:34:37 freenode https://www.privateinternetaccess.com/
15:34:43 #Node.js https://git.io/vaTS2
15:34:43 #Node.js http://bit.ly/node-irc-mission-statement
15:34:43 #Node.js http://nodeirc.info
15:34:43 #Node.js http://logs.nodejs.org/node.js/index
15:34:43 #Node.js http://j.mp/1RFlyvr
15:34:43 #Node.js http://blog.izs.me/post/30036893703/policy-on-trolling"
15:34:43 #algorithms http://codepad.org/
15:34:43 #algorithms http://mathb.in/
15:34:43 #algorithms http://ostatic.com/blog/more-bad-english-please"
15:34:43 #weechat https://weechat.org/
15:34:43 ##linux http://linux.chat
15:34:43 ##linux http://paste.linux.chat
15:34:44 #Node.js https://github.com/joyent/node/wiki
15:34:44 #Node.js http://nodejs.org/
15:34:44 #weechat https://weechat.org/doc/
15:34:44 #weechat https://weechat.org/
15:34:44 ##linux http://www.linux.chat/how-to-connect/
15:34:44 ##linux http://www.linux.chat/channel-rules/
15:34:44 ##linux http://linux.chat
19:29:24 freenode http://www.freenode.net
19:29:24 freenode http://www.fosscon.org
19:29:24 freenode https://www.privateinternetaccess.com/
19:29:30 #Node.js https://git.io/vaTS2
19:29:30 #Node.js http://bit.ly/node-irc-mission-statement
19:29:30 #Node.js http://nodeirc.info
19:29:30 #Node.js http://logs.nodejs.org/node.js/index
19:29:30 #Node.js http://j.mp/1RFlyvr
19:29:30 #Node.js http://blog.izs.me/post/30036893703/policy-on-trolling"
19:29:30 #algorithms http://codepad.org/
19:29:30 #algorithms http://mathb.in/
19:29:30 #algorithms http://ostatic.com/blog/more-bad-english-please"
19:29:30 #weechat https://weechat.org/
19:29:30 ##linux http://linux.chat
19:29:30 ##linux http://paste.linux.chat
19:29:30 #Node.js https://github.com/joyent/node/wiki
19:29:30 #Node.js http://nodejs.org/
19:29:30 #weechat https://weechat.org/doc/
19:29:30 #weechat https://weechat.org/
19:29:30 ##linux http://www.linux.chat/how-to-connect/
19:29:30 ##linux http://www.linux.chat/channel-rules/
19:29:30 ##linux http://linux.chat
19:37:51 freenode http://www.freenode.net
19:37:51 freenode http://www.fosscon.org
19:37:51 freenode https://www.privateinternetaccess.com/
19:37:57 #Node.js https://git.io/vaTS2
19:37:57 #Node.js http://bit.ly/node-irc-mission-statement
19:37:57 #Node.js http://nodeirc.info
19:37:57 #Node.js http://logs.nodejs.org/node.js/index
19:37:57 #Node.js http://j.mp/1RFlyvr
19:37:57 #Node.js http://blog.izs.me/post/30036893703/policy-on-trolling"
19:37:57 #algorithms http://codepad.org/
19:37:57 #algorithms http://mathb.in/
19:37:57 #algorithms http://ostatic.com/blog/more-bad-english-please"
19:37:57 #weechat https://weechat.org/
19:37:57 ##linux http://linux.chat
19:37:57 ##linux http://paste.linux.chat
19:37:58 #Node.js https://github.com/joyent/node/wiki
19:37:58 #Node.js http://nodejs.org/
19:37:58 #weechat https://weechat.org/doc/
19:37:58 #weechat https://weechat.org/
19:37:58 ##linux http://www.linux.chat/how-to-connect/
19:37:58 ##linux http://www.linux.chat/channel-rules/
19:37:58 ##linux http://linux.chat
19:51:29 #algorithms https://www.hackerrank.com/challenges/cut-the-tree
19:59:38 #Node.js https://gist.github.com/Arcaire/b3827809727beb6caac5d003e2a64e7d
20:20:53 ##linux https://paste.debian.net
20:22:23 ##linux https://bpaste.net/show/c1382d7098c8
20:25:52 ##linux https://bpaste.net/show/72cf7a368032
20:29:16 ##linux http://www.softpanorama.org/Commercial_linuxes/logical_volume_manager.shtml
20:29:38 ##linux http://www.softpanorama.org/Commercial_linuxes/logical_volume_manager.shtml
20:59:18 ##linux http://lists.claws-mail.org/pipermail/users/attachments/20160410/7fdca7e7/attachment-0001.png
21:14:05 ##linux http://linux.die.net/man/5/autofs
21:14:23 ##linux http://www.kossboss.com/linux---move-running-to-process-nohup
21:18:23 ##linux https://i.imgur.com/ICI6kj3.png
21:32:52 ##linux http://imgur.com/pE8c3wJ
21:33:15 ##linux https://translate.google.com/
22:10:32 #Node.js https://gist.github.com/joepie91/402016ac3ae951b73672685421341ba3
22:26:28 ##linux http://blog.trendmicro.com/trendlabs-security-intelligence/world-backup-day-the-3-2-1-rule/
22:38:23 ##linux https://praesidiumvpn.com/csgo-ddos-protection/
22:39:14 #Node.js https://gist.github.com/rickywid/c2f74b87469c54d4eeb7991676d780df
22:47:05 #Node.js mongodb://127.0.0.1:27017/bookstore');
22:48:01 #Node.js https://gist.github.com/rickywid/6692808d404d22ba5a99a9979da72665
22:49:20 ##linux HTTP://MINT.COM
22:49:20 ##linux http://THEHACKERNEWS.COM
22:50:09 ##linux http://ramnode.com/vps.php
22:51:18 #Node.js https://www.youtube.com/watch?v=eB9Fq9I5ocs
22:52:02 #Node.js http://cryto.net/~joepie91/blog/2015/07/19/why-you-should-never-ever-ever-use-mongodb/
22:52:02 #Node.js http://www.sarahmei.com/blog/2013/11/11/why-you-should-never-use-mongodb/
22:54:26 #Node.js https://gist.github.com/rickywid/6692808d404d22ba5a99a9979da72665
22:55:44 #Node.js https://gist.github.com/rickywid/6692808d404d22ba5a99a9979da72665#file-mongod-L12
22:56:53 #Node.js https://docs.mongodb.org/manual/tutorial/install-mongodb-on-ubuntu/#run-mongodb-community-edition
23:02:07 #Node.js https://gist.github.com/rickywid/b8093a7c8365b5284c18403d7eb44453
23:07:33 #Node.js https://docs.mongodb.org/manual/tutorial/install-mongodb-on-ubuntu/#run-mongodb-community-edition
23:09:32 #Node.js http://cryto.net/~joepie91/blog/2015/07/19/why-you-should-never-ever-ever-use-mongodb/
23:09:32 #Node.js http://www.sarahmei.com/blog/2013/11/11/why-you-should-never-use-mongodb/
23:10:02 ##linux https://en.wikipedia.org/wiki/Udev
23:13:33 #Node.js https://www.digitalocean.com/community/tutorials/how-to-install-mongodb-on-ubuntu-12-04
23:13:43 ##linux https://forum.openoffice.org/en/forum/viewtopic.php?f=5&t=31944
23:14:27 ##linux https://www.youtube.com/watch?v=wTkf2ciZzuM
23:25:19 ##linux http://sprunge.us/WWFF
23:27:22 #Node.js https://gist.github.com/rickywid/4c8d73124bf14670d8681532ac81f55f
23:31:19 ##linux http://sprunge.us/WWFF
23:32:59 #Node.js https://gist.github.com/gnarmedia/9811fda6accb8a6f4b2d1921675af441
23:33:17 ##linux http://sprunge.us/WWFF
23:38:09 ##linux http://sprunge.us/WWFF
23:39:51 #Node.js https://i.imgur.com/12jhRmQ.png
23:41:58 ##linux https://forums.freenas.org/index.php?threads/zfs-memory-requirements.16874/
23:42:26 ##linux http://sprunge.us/WWFF
23:45:20 ##linux https://www.reddit.com/r/Wordpress/comments/4ejjuj/random_clients_keep_posting_data_to_xmlrcpphp_how/
23:49:06 ##linux http://sprunge.us/WWFF
23:49:40 ##linux https://www.reddit.com/r/Wordpress/comments/4ejjuj/random_clients_keep_posting_data_to_xmlrcpphp_how/
23:50:17 #Node.js https://gist.github.com/joepie91/76579505a9d192f78ca5b9d961d4e01b
23:50:49 ##linux https://wpoven.com/tutorials/nginx/how-to-protect-your-wordpress-site-from-brute-force-attacks-wordpress--nginx--fail2ban
23:53:43 #Node.js https://gist.github.com/joepie91/76579505a9d192f78ca5b9d961d4e01b#file-gistfile1-txt-L172-L177
23:57:32 ##linux http://www.pavelkogan.com/2014/05/23/luks-full-disk-encryption/
00:00:53 #Node.js http://cryto.net/~joepie91/blog/2015/07/19/why-you-should-never-ever-ever-use-mongodb/
00:00:53 #Node.js http://www.sarahmei.com/blog/2013/11/11/why-you-should-never-use-mongodb/
